<?xml version="1.0" encoding="utf-8"?><testsuite errors="0" failures="0" name="pytest" skips="0" tests="2" time="182.442"><testcase classname="testlink_web_demo" file="testlink_web_demo.py" line="9" name="test_createSurveyWithQuesAndSignOut" time="99.6473200321"></testcase><testcase classname="testlink_web_demo" file="testlink_web_demo.py" line="67" name="test_singInWithCreateSurveyAndSignOut" time="82.7431089878"></testcase></testsuite>